<?xml version="1.0" encoding="UTF-8"?>
<!-- Generated by org.testng.reporters.JUnitReportReporter -->
<testsuite hostname="HP-PC" failures="0" tests="1" name="testCases.TC001_CreateYourAccountTest" time="10.045" errors="0" timestamp="2024-01-18T15:26:33 IST" skipped="0">
  <testcase classname="testCases.TC001_CreateYourAccountTest" name="verify_CreateAccount" time="10.045"/>
</testsuite> <!-- testCases.TC001_CreateYourAccountTest -->
